[INFO ] 2023-05-12 23:54:11.055 [main] ConfigParser - Port - 8080
[INFO ] 2023-05-12 23:54:11.057 [main] ConfigParser - Chat history count - 10
[INFO ] 2023-05-12 23:54:11.057 [main] ConfigParser - Timeout  -  300
[INFO ] 2023-05-12 23:54:11.062 [main] Client - Client was created
[INFO ] 2023-05-12 23:54:12.685 [Thread-0] UserList - la connected
[INFO ] 2023-05-12 23:54:12.685 [Thread-0] UserList - User list have new user la
[INFO ] 2023-05-12 23:54:12.685 [Thread-0] Server - Server got new user la
[INFO ] 2023-05-12 23:54:26.483 [Thread-3] UserList - la was deleted
[ERROR] 2023-05-12 23:54:26.485 [Thread-0] Client - Socket closed
[INFO ] 2023-05-12 23:54:29.409 [main] ConfigParser - Port - 8080
[INFO ] 2023-05-12 23:54:29.411 [main] ConfigParser - Chat history count - 10
[INFO ] 2023-05-12 23:54:29.411 [main] ConfigParser - Timeout  -  300
[INFO ] 2023-05-12 23:54:29.414 [main] Client - Client was created
[INFO ] 2023-05-12 23:54:30.905 [Thread-0] UserList - pop connected
[INFO ] 2023-05-12 23:54:30.905 [Thread-0] UserList - User list have new user pop
[INFO ] 2023-05-12 23:54:30.905 [Thread-0] Server - Server got new user pop
[INFO ] 2023-05-12 23:54:57.283 [Thread-4] UserList - pop was deleted
[ERROR] 2023-05-12 23:54:57.285 [Thread-0] Client - Socket closed
[INFO ] 2023-05-12 23:55:09.353 [main] ConfigParser - Port - 8080
[INFO ] 2023-05-12 23:55:09.355 [main] ConfigParser - Chat history count - 10
[INFO ] 2023-05-12 23:55:09.355 [main] ConfigParser - Timeout  -  300
[INFO ] 2023-05-12 23:55:09.358 [main] Client - Client was created
[INFO ] 2023-05-12 23:55:11.338 [Thread-0] UserList - pol connected
[INFO ] 2023-05-12 23:55:11.338 [Thread-0] UserList - User list have new user pol
[INFO ] 2023-05-12 23:55:11.338 [Thread-0] Server - Server got new user pol
[INFO ] 2023-05-12 23:55:36.982 [Thread-5] UserList - pol was deleted
[ERROR] 2023-05-12 23:55:36.984 [Thread-0] Client - Socket closed
[INFO ] 2023-05-12 23:56:58.616 [main] ConfigParser - Port - 8080
[INFO ] 2023-05-12 23:56:58.618 [main] ConfigParser - Chat history count - 10
[INFO ] 2023-05-12 23:56:58.618 [main] ConfigParser - Timeout  -  300
[INFO ] 2023-05-12 23:56:58.622 [main] Client - Client was created
[INFO ] 2023-05-12 23:56:59.618 [Thread-0] UserList - cxc connected
[INFO ] 2023-05-12 23:56:59.618 [Thread-0] UserList - User list have new user cxc
[INFO ] 2023-05-12 23:56:59.619 [Thread-0] Server - Server got new user cxc
[INFO ] 2023-05-12 23:57:03.351 [Thread-6] UserList - cxc was deleted
[ERROR] 2023-05-12 23:57:03.354 [Thread-0] Client - Socket closed
[INFO ] 2023-05-12 23:57:16.047 [main] ConfigParser - Port - 8080
[INFO ] 2023-05-12 23:57:16.050 [main] ConfigParser - Chat history count - 10
[INFO ] 2023-05-12 23:57:16.050 [main] ConfigParser - Timeout  -  300
[INFO ] 2023-05-12 23:57:16.053 [main] Client - Client was created
[INFO ] 2023-05-12 23:57:17.003 [Thread-0] UserList - v connected
[INFO ] 2023-05-12 23:57:17.003 [Thread-0] UserList - User list have new user v
[INFO ] 2023-05-12 23:57:17.003 [Thread-0] Server - Server got new user v
[INFO ] 2023-05-12 23:57:52.337 [Thread-7] UserList - v was deleted
[ERROR] 2023-05-12 23:57:52.339 [Thread-0] Client - Socket closed
